<?xml version="1.0" encoding="UTF-8"?>
<testng-results skipped="0" failed="0" total="0" passed="0">
  <reporter-output>
  </reporter-output>
  <suite name="pages.TestExecutor" duration-ms="1" started-at="2019-11-05T14:20:24Z" finished-at="2019-11-05T14:20:24Z">
    <groups>
    </groups>
    <test name="Command line test" duration-ms="1" started-at="2019-11-05T14:20:24Z" finished-at="2019-11-05T14:20:24Z">
    </test> <!-- Command line test -->
  </suite> <!-- pages.TestExecutor -->
</testng-results>
